# JRE version: Java(TM) SE Runtime Environment (24.0.1+9) (build 24.0.1+9-30)
# Java VM: Java HotSpot(TM) 64-Bit Server VM (24.0.1+9-30, mixed mode, sharing, tiered, compressed oops, compressed class ptrs, g1 gc, windows-amd64)
GC Precious Log:
 CardTable entry size: 512
 Card Set container configuration: InlinePtr #cards 5 size 8 Array Of Cards #cards 10 size 36 Howl #buckets 4 coarsen threshold 1843 Howl Bitmap #cards 512 size 80 coarsen threshold 460 Card regions per heap region 1 cards per card region 2048
 CPUs: 12 total, 12 available
 Memory: 8030M
 Large Page Support: Disabled
 NUMA Support: Disabled
 Compressed Oops: Enabled (32-bit)
 Heap Region Size: 1M
 Heap Min Capacity: 8M
 Heap Initial Capacity: 126M
 Heap Max Capacity: 2G
 Pre-touch: Disabled
 Parallel Workers: 10
 Concurrent Workers: 3
 Concurrent Refinement Workers: 10
 Periodic GC: Disabled
Heap:
 garbage-first heap   total reserved 2097152K, committed 209920K, used 145061K [0x0000000080000000, 0x0000000100000000)
  region size 1024K, 12 young (12288K), 5 survivors (5120K)
 Metaspace       used 130183K, committed 132736K, reserved 1179648K
  class space    used 14010K, committed 15232K, reserved 1048576K
GC Heap History (20 events):
Event: 45.565 GC heap before
{Heap before GC invocations=34 (full 0):
 garbage-first heap   total reserved 2097152K, committed 160768K, used 144197K [0x0000000080000000, 0x0000000100000000)
  region size 1024K, 51 young (52224K), 5 survivors (5120K)
 Metaspace       used 114923K, committed 117376K, reserved 1179648K
  class space    used 12614K, committed 13760K, reserved 1048576K
}
Event: 45.573 GC heap after
{Heap after GC invocations=35 (full 0):
 garbage-first heap   total reserved 2097152K, committed 160768K, used 99285K [0x0000000080000000, 0x0000000100000000)
  region size 1024K, 5 young (5120K), 5 survivors (5120K)
 Metaspace       used 114923K, committed 117376K, reserved 1179648K
  class space    used 12614K, committed 13760K, reserved 1048576K
}
Event: 48.194 GC heap before
{Heap before GC invocations=36 (full 0):
 garbage-first heap   total reserved 2097152K, committed 167936K, used 151509K [0x0000000080000000, 0x0000000100000000)
  region size 1024K, 50 young (51200K), 5 survivors (5120K)
 Metaspace       used 115253K, committed 117632K, reserved 1179648K
  class space    used 12654K, committed 13760K, reserved 1048576K
}
Event: 48.221 GC heap after
{Heap after GC invocations=37 (full 0):
 garbage-first heap   total reserved 2097152K, committed 167936K, used 104158K [0x0000000080000000, 0x0000000100000000)
  region size 1024K, 7 young (7168K), 7 survivors (7168K)
 Metaspace       used 115253K, committed 117632K, reserved 1179648K
  class space    used 12654K, committed 13760K, reserved 1048576K
}
Event: 50.724 GC heap before
{Heap before GC invocations=37 (full 0):
 garbage-first heap   total reserved 2097152K, committed 167936K, used 157406K [0x0000000080000000, 0x0000000100000000)
  region size 1024K, 53 young (54272K), 7 survivors (7168K)
 Metaspace       used 115442K, committed 117824K, reserved 1179648K
  class space    used 12654K, committed 13760K, reserved 1048576K
}
Event: 50.747 GC heap after
{Heap after GC invocations=38 (full 0):
 garbage-first heap   total reserved 2097152K, committed 180224K, used 111159K [0x0000000080000000, 0x0000000100000000)
  region size 1024K, 7 young (7168K), 7 survivors (7168K)
 Metaspace       used 115442K, committed 117824K, reserved 1179648K
  class space    used 12654K, committed 13760K, reserved 1048576K
}
Event: 50.748 GC heap before
{Heap before GC invocations=38 (full 0):
 garbage-first heap   total reserved 2097152K, committed 180224K, used 111159K [0x0000000080000000, 0x0000000100000000)
  region size 1024K, 8 young (8192K), 7 survivors (7168K)
 Metaspace       used 115442K, committed 117824K, reserved 1179648K
  class space    used 12654K, committed 13760K, reserved 1048576K
}
Event: 50.756 GC heap after
{Heap after GC invocations=39 (full 0):
 garbage-first heap   total reserved 2097152K, committed 180224K, used 113295K [0x0000000080000000, 0x0000000100000000)
  region size 1024K, 1 young (1024K), 1 survivors (1024K)
 Metaspace       used 115442K, committed 117824K, reserved 1179648K
  class space    used 12654K, committed 13760K, reserved 1048576K
}
Event: 51.303 GC heap before
{Heap before GC invocations=40 (full 0):
 garbage-first heap   total reserved 2097152K, committed 191488K, used 163471K [0x0000000080000000, 0x0000000100000000)
  region size 1024K, 49 young (50176K), 1 survivors (1024K)
 Metaspace       used 115664K, committed 118016K, reserved 1179648K
  class space    used 12654K, committed 13760K, reserved 1048576K
}
Event: 51.310 GC heap after
{Heap after GC invocations=41 (full 0):
 garbage-first heap   total reserved 2097152K, committed 191488K, used 117203K [0x0000000080000000, 0x0000000100000000)
  region size 1024K, 5 young (5120K), 5 survivors (5120K)
 Metaspace       used 115664K, committed 118016K, reserved 1179648K
  class space    used 12654K, committed 13760K, reserved 1048576K
}
Event: 52.614 GC heap before
{Heap before GC invocations=41 (full 0):
 garbage-first heap   total reserved 2097152K, committed 191488K, used 173523K [0x0000000080000000, 0x0000000100000000)
  region size 1024K, 59 young (60416K), 5 survivors (5120K)
 Metaspace       used 119945K, committed 122304K, reserved 1179648K
  class space    used 12974K, committed 14080K, reserved 1048576K
}
Event: 52.625 GC heap after
{Heap after GC invocations=42 (full 0):
 garbage-first heap   total reserved 2097152K, committed 191488K, used 122410K [0x0000000080000000, 0x0000000100000000)
  region size 1024K, 5 young (5120K), 5 survivors (5120K)
 Metaspace       used 119945K, committed 122304K, reserved 1179648K
  class space    used 12974K, committed 14080K, reserved 1048576K
}
Event: 52.731 GC heap before
{Heap before GC invocations=42 (full 0):
 garbage-first heap   total reserved 2097152K, committed 191488K, used 128554K [0x0000000080000000, 0x0000000100000000)
  region size 1024K, 12 young (12288K), 5 survivors (5120K)
 Metaspace       used 120579K, committed 123008K, reserved 1179648K
  class space    used 13028K, committed 14144K, reserved 1048576K
}
Event: 52.737 GC heap after
{Heap after GC invocations=43 (full 0):
 garbage-first heap   total reserved 2097152K, committed 191488K, used 123582K [0x0000000080000000, 0x0000000100000000)
  region size 1024K, 1 young (1024K), 1 survivors (1024K)
 Metaspace       used 120579K, committed 123008K, reserved 1179648K
  class space    used 13028K, committed 14144K, reserved 1048576K
}
Event: 55.203 GC heap before
{Heap before GC invocations=44 (full 0):
 garbage-first heap   total reserved 2097152K, committed 209920K, used 179902K [0x0000000080000000, 0x0000000100000000)
  region size 1024K, 53 young (54272K), 1 survivors (1024K)
 Metaspace       used 125737K, committed 128320K, reserved 1179648K
  class space    used 13565K, committed 14784K, reserved 1048576K
}
Event: 55.212 GC heap after
{Heap after GC invocations=45 (full 0):
 garbage-first heap   total reserved 2097152K, committed 209920K, used 129564K [0x0000000080000000, 0x0000000100000000)
  region size 1024K, 5 young (5120K), 5 survivors (5120K)
 Metaspace       used 125737K, committed 128320K, reserved 1179648K
  class space    used 13565K, committed 14784K, reserved 1048576K
}
Event: 58.389 GC heap before
{Heap before GC invocations=45 (full 0):
 garbage-first heap   total reserved 2097152K, committed 209920K, used 196124K [0x0000000080000000, 0x0000000100000000)
  region size 1024K, 66 young (67584K), 5 survivors (5120K)
 Metaspace       used 129294K, committed 131840K, reserved 1179648K
  class space    used 13921K, committed 15104K, reserved 1048576K
}
Event: 58.403 GC heap after
{Heap after GC invocations=46 (full 0):
 garbage-first heap   total reserved 2097152K, committed 209920K, used 132402K [0x0000000080000000, 0x0000000100000000)
  region size 1024K, 9 young (9216K), 9 survivors (9216K)
 Metaspace       used 129294K, committed 131840K, reserved 1179648K
  class space    used 13921K, committed 15104K, reserved 1048576K
}
Event: 69.009 GC heap before
{Heap before GC invocations=46 (full 0):
 garbage-first heap   total reserved 2097152K, committed 209920K, used 164146K [0x0000000080000000, 0x0000000100000000)
  region size 1024K, 41 young (41984K), 9 survivors (9216K)
 Metaspace       used 130139K, committed 132672K, reserved 1179648K
  class space    used 14010K, committed 15232K, reserved 1048576K
}
Event: 69.313 GC heap after
{Heap after GC invocations=47 (full 0):
 garbage-first heap   total reserved 2097152K, committed 209920K, used 137893K [0x0000000080000000, 0x0000000100000000)
  region size 1024K, 5 young (5120K), 5 survivors (5120K)
 Metaspace       used 130139K, committed 132672K, reserved 1179648K
  class space    used 14010K, committed 15232K, reserved 1048576K
}

