# JRE version: Java(TM) SE Runtime Environment (24.0.1+9) (build 24.0.1+9-30)
# Java VM: Java HotSpot(TM) 64-Bit Server VM (24.0.1+9-30, mixed mode, sharing, tiered, compressed oops, compressed class ptrs, g1 gc, windows-amd64)
GC Precious Log:
 CardTable entry size: 512
 Card Set container configuration: InlinePtr #cards 5 size 8 Array Of Cards #cards 10 size 36 Howl #buckets 4 coarsen threshold 1843 Howl Bitmap #cards 512 size 80 coarsen threshold 460 Card regions per heap region 1 cards per card region 2048
 CPUs: 12 total, 12 available
 Memory: 8030M
 Large Page Support: Disabled
 NUMA Support: Disabled
 Compressed Oops: Enabled (32-bit)
 Heap Region Size: 1M
 Heap Min Capacity: 8M
 Heap Initial Capacity: 126M
 Heap Max Capacity: 2G
 Pre-touch: Disabled
 Parallel Workers: 10
 Concurrent Workers: 3
 Concurrent Refinement Workers: 10
 Periodic GC: Disabled
Heap:
 garbage-first heap   total reserved 2097152K, committed 183296K, used 143234K [0x0000000080000000, 0x0000000100000000)
  region size 1024K, 36 young (36864K), 3 survivors (3072K)
 Metaspace       used 115861K, committed 118272K, reserved 1179648K
  class space    used 12576K, committed 13696K, reserved 1048576K
GC Heap History (20 events):
Event: 12.650 GC heap before
{Heap before GC invocations=19 (full 0):
 garbage-first heap   total reserved 2097152K, committed 133120K, used 118019K [0x0000000080000000, 0x0000000100000000)
  region size 1024K, 47 young (48128K), 3 survivors (3072K)
 Metaspace       used 79209K, committed 81152K, reserved 1179648K
  class space    used 8703K, committed 9600K, reserved 1048576K
}
Event: 12.657 GC heap after
{Heap after GC invocations=20 (full 0):
 garbage-first heap   total reserved 2097152K, committed 133120K, used 75390K [0x0000000080000000, 0x0000000100000000)
  region size 1024K, 5 young (5120K), 5 survivors (5120K)
 Metaspace       used 79209K, committed 81152K, reserved 1179648K
  class space    used 8703K, committed 9600K, reserved 1048576K
}
Event: 13.018 GC heap before
{Heap before GC invocations=20 (full 0):
 garbage-first heap   total reserved 2097152K, committed 133120K, used 121470K [0x0000000080000000, 0x0000000100000000)
  region size 1024K, 49 young (50176K), 5 survivors (5120K)
 Metaspace       used 81413K, committed 83392K, reserved 1179648K
  class space    used 8916K, committed 9856K, reserved 1048576K
}
Event: 13.029 GC heap after
{Heap after GC invocations=21 (full 0):
 garbage-first heap   total reserved 2097152K, committed 133120K, used 78111K [0x0000000080000000, 0x0000000100000000)
  region size 1024K, 7 young (7168K), 7 survivors (7168K)
 Metaspace       used 81413K, committed 83392K, reserved 1179648K
  class space    used 8916K, committed 9856K, reserved 1048576K
}
Event: 13.461 GC heap before
{Heap before GC invocations=21 (full 0):
 garbage-first heap   total reserved 2097152K, committed 133120K, used 118047K [0x0000000080000000, 0x0000000100000000)
  region size 1024K, 46 young (47104K), 7 survivors (7168K)
 Metaspace       used 83894K, committed 85824K, reserved 1179648K
  class space    used 9172K, committed 10048K, reserved 1048576K
}
Event: 13.470 GC heap after
{Heap after GC invocations=22 (full 0):
 garbage-first heap   total reserved 2097152K, committed 164864K, used 81761K [0x0000000080000000, 0x0000000100000000)
  region size 1024K, 4 young (4096K), 4 survivors (4096K)
 Metaspace       used 83894K, committed 85824K, reserved 1179648K
  class space    used 9172K, committed 10048K, reserved 1048576K
}
Event: 14.627 GC heap before
{Heap before GC invocations=23 (full 0):
 garbage-first heap   total reserved 2097152K, committed 164864K, used 148321K [0x0000000080000000, 0x0000000100000000)
  region size 1024K, 69 young (70656K), 4 survivors (4096K)
 Metaspace       used 92452K, committed 94400K, reserved 1179648K
  class space    used 10035K, committed 10944K, reserved 1048576K
}
Event: 14.634 GC heap after
{Heap after GC invocations=24 (full 0):
 garbage-first heap   total reserved 2097152K, committed 164864K, used 86049K [0x0000000080000000, 0x0000000100000000)
  region size 1024K, 9 young (9216K), 9 survivors (9216K)
 Metaspace       used 92452K, committed 94400K, reserved 1179648K
  class space    used 10035K, committed 10944K, reserved 1048576K
}
Event: 15.517 GC heap before
{Heap before GC invocations=24 (full 0):
 garbage-first heap   total reserved 2097152K, committed 164864K, used 144417K [0x0000000080000000, 0x0000000100000000)
  region size 1024K, 67 young (68608K), 9 survivors (9216K)
 Metaspace       used 101640K, committed 103616K, reserved 1179648K
  class space    used 10824K, committed 11712K, reserved 1048576K
}
Event: 15.529 GC heap after
{Heap after GC invocations=25 (full 0):
 garbage-first heap   total reserved 2097152K, committed 164864K, used 86565K [0x0000000080000000, 0x0000000100000000)
  region size 1024K, 6 young (6144K), 6 survivors (6144K)
 Metaspace       used 101640K, committed 103616K, reserved 1179648K
  class space    used 10824K, committed 11712K, reserved 1048576K
}
Event: 16.192 GC heap before
{Heap before GC invocations=25 (full 0):
 garbage-first heap   total reserved 2097152K, committed 164864K, used 143909K [0x0000000080000000, 0x0000000100000000)
  region size 1024K, 63 young (64512K), 6 survivors (6144K)
 Metaspace       used 105819K, committed 108032K, reserved 1179648K
  class space    used 11412K, committed 12416K, reserved 1048576K
}
Event: 16.206 GC heap after
{Heap after GC invocations=26 (full 0):
 garbage-first heap   total reserved 2097152K, committed 164864K, used 91971K [0x0000000080000000, 0x0000000100000000)
  region size 1024K, 7 young (7168K), 7 survivors (7168K)
 Metaspace       used 105819K, committed 108032K, reserved 1179648K
  class space    used 11412K, committed 12416K, reserved 1048576K
}
Event: 16.663 GC heap before
{Heap before GC invocations=27 (full 0):
 garbage-first heap   total reserved 2097152K, committed 164864K, used 149315K [0x0000000080000000, 0x0000000100000000)
  region size 1024K, 62 young (63488K), 7 survivors (7168K)
 Metaspace       used 106618K, committed 108800K, reserved 1179648K
  class space    used 11472K, committed 12480K, reserved 1048576K
}
Event: 16.674 GC heap after
{Heap after GC invocations=28 (full 0):
 garbage-first heap   total reserved 2097152K, committed 164864K, used 97887K [0x0000000080000000, 0x0000000100000000)
  region size 1024K, 6 young (6144K), 6 survivors (6144K)
 Metaspace       used 106618K, committed 108800K, reserved 1179648K
  class space    used 11472K, committed 12480K, reserved 1048576K
}
Event: 17.727 GC heap before
{Heap before GC invocations=28 (full 0):
 garbage-first heap   total reserved 2097152K, committed 164864K, used 149087K [0x0000000080000000, 0x0000000100000000)
  region size 1024K, 56 young (57344K), 6 survivors (6144K)
 Metaspace       used 111447K, committed 113792K, reserved 1179648K
  class space    used 12086K, committed 13184K, reserved 1048576K
}
Event: 17.739 GC heap after
{Heap after GC invocations=29 (full 0):
 garbage-first heap   total reserved 2097152K, committed 164864K, used 101361K [0x0000000080000000, 0x0000000100000000)
  region size 1024K, 5 young (5120K), 5 survivors (5120K)
 Metaspace       used 111447K, committed 113792K, reserved 1179648K
  class space    used 12086K, committed 13184K, reserved 1048576K
}
Event: 18.314 GC heap before
{Heap before GC invocations=29 (full 0):
 garbage-first heap   total reserved 2097152K, committed 164864K, used 146417K [0x0000000080000000, 0x0000000100000000)
  region size 1024K, 50 young (51200K), 5 survivors (5120K)
 Metaspace       used 113641K, committed 116032K, reserved 1179648K
  class space    used 12332K, committed 13440K, reserved 1048576K
}
Event: 18.326 GC heap after
{Heap after GC invocations=30 (full 0):
 garbage-first heap   total reserved 2097152K, committed 164864K, used 107305K [0x0000000080000000, 0x0000000100000000)
  region size 1024K, 6 young (6144K), 6 survivors (6144K)
 Metaspace       used 113641K, committed 116032K, reserved 1179648K
  class space    used 12332K, committed 13440K, reserved 1048576K
}
Event: 18.520 GC heap before
{Heap before GC invocations=31 (full 0):
 garbage-first heap   total reserved 2097152K, committed 183296K, used 148265K [0x0000000080000000, 0x0000000100000000)
  region size 1024K, 45 young (46080K), 6 survivors (6144K)
 Metaspace       used 113669K, committed 116032K, reserved 1179648K
  class space    used 12333K, committed 13440K, reserved 1048576K
}
Event: 18.530 GC heap after
{Heap after GC invocations=32 (full 0):
 garbage-first heap   total reserved 2097152K, committed 183296K, used 110466K [0x0000000080000000, 0x0000000100000000)
  region size 1024K, 3 young (3072K), 3 survivors (3072K)
 Metaspace       used 113669K, committed 116032K, reserved 1179648K
  class space    used 12333K, committed 13440K, reserved 1048576K
}

