# JRE version: OpenJDK Runtime Environment Temurin-21.0.10+7 (21.0.10+7) (build 21.0.10+7-LTS)
# Java VM: OpenJDK 64-Bit Server VM Temurin-21.0.10+7 (21.0.10+7-LTS, mixed mode, sharing, tiered, compressed oops, compressed class ptrs, parallel gc, windows-amd64)
GC Precious Log:
 CardTable entry size: 512
 CPUs: 12 total, 12 available
 Memory: 8030M
 Large Page Support: Disabled
 NUMA Support: Disabled
 Compressed Oops: Enabled (32-bit)
 Alignments: Space 512K, Generation 512K, Heap 2M
 Heap Min Capacity: 100M
 Heap Initial Capacity: 100M
 Heap Max Capacity: 2G
 Pre-touch: Disabled
 Parallel Workers: 10
Heap:
 PSYoungGen      total 11264K, used 10289K [0x00000000d5580000, 0x00000000d6200000, 0x0000000100000000)
  eden space 10240K, 92% used [0x00000000d5580000,0x00000000d5ebc5e8,0x00000000d5f80000)
  from space 1024K, 81% used [0x00000000d6100000,0x00000000d61d0000,0x00000000d6200000)
  to   space 1024K, 0% used [0x00000000d5f80000,0x00000000d5f80000,0x00000000d6080000)
 ParOldGen       total 70144K, used 69938K [0x0000000080000000, 0x0000000084480000, 0x00000000d5580000)
  object space 70144K, 99% used [0x0000000080000000,0x000000008444c938,0x0000000084480000)
 Metaspace       used 78954K, committed 80576K, reserved 1179648K
  class space    used 9476K, committed 10176K, reserved 1048576K
GC Heap History (20 events):
Event: 870.787 GC heap before
{Heap before GC invocations=94 (full 3):
 PSYoungGen      total 11264K, used 11003K [0x00000000d5580000, 0x00000000d6280000, 0x0000000100000000)
  eden space 10240K, 100% used [0x00000000d5580000,0x00000000d5f80000,0x00000000d5f80000)
  from space 1024K, 74% used [0x00000000d6180000,0x00000000d623ed70,0x00000000d6280000)
  to   space 1536K, 0% used [0x00000000d5f80000,0x00000000d5f80000,0x00000000d6100000)
 ParOldGen       total 68608K, used 66877K [0x0000000080000000, 0x0000000084300000, 0x00000000d5580000)
  object space 68608K, 97% used [0x0000000080000000,0x000000008414f570,0x0000000084300000)
 Metaspace       used 77262K, committed 78848K, reserved 1179648K
  class space    used 9430K, committed 10112K, reserved 1048576K
}
Event: 870.789 GC heap after
{Heap after GC invocations=94 (full 3):
 PSYoungGen      total 11776K, used 951K [0x00000000d5580000, 0x00000000d6200000, 0x0000000100000000)
  eden space 10240K, 0% used [0x00000000d5580000,0x00000000d5580000,0x00000000d5f80000)
  from space 1536K, 61% used [0x00000000d5f80000,0x00000000d606dd50,0x00000000d6100000)
  to   space 1024K, 0% used [0x00000000d6100000,0x00000000d6100000,0x00000000d6200000)
 ParOldGen       total 68608K, used 67468K [0x0000000080000000, 0x0000000084300000, 0x00000000d5580000)
  object space 68608K, 98% used [0x0000000080000000,0x00000000841e3208,0x0000000084300000)
 Metaspace       used 77262K, committed 78848K, reserved 1179648K
  class space    used 9430K, committed 10112K, reserved 1048576K
}
Event: 889.247 GC heap before
{Heap before GC invocations=95 (full 3):
 PSYoungGen      total 11776K, used 11191K [0x00000000d5580000, 0x00000000d6200000, 0x0000000100000000)
  eden space 10240K, 100% used [0x00000000d5580000,0x00000000d5f80000,0x00000000d5f80000)
  from space 1536K, 61% used [0x00000000d5f80000,0x00000000d606dd50,0x00000000d6100000)
  to   space 1024K, 0% used [0x00000000d6100000,0x00000000d6100000,0x00000000d6200000)
 ParOldGen       total 68608K, used 67468K [0x0000000080000000, 0x0000000084300000, 0x00000000d5580000)
  object space 68608K, 98% used [0x0000000080000000,0x00000000841e3208,0x0000000084300000)
 Metaspace       used 77616K, committed 79232K, reserved 1179648K
  class space    used 9445K, committed 10112K, reserved 1048576K
}
Event: 889.266 GC heap after
{Heap after GC invocations=95 (full 3):
 PSYoungGen      total 11264K, used 518K [0x00000000d5580000, 0x00000000d6200000, 0x0000000100000000)
  eden space 10240K, 0% used [0x00000000d5580000,0x00000000d5580000,0x00000000d5f80000)
  from space 1024K, 50% used [0x00000000d6100000,0x00000000d6181850,0x00000000d6200000)
  to   space 1024K, 0% used [0x00000000d6000000,0x00000000d6000000,0x00000000d6100000)
 ParOldGen       total 68608K, used 67596K [0x0000000080000000, 0x0000000084300000, 0x00000000d5580000)
  object space 68608K, 98% used [0x0000000080000000,0x0000000084203208,0x0000000084300000)
 Metaspace       used 77616K, committed 79232K, reserved 1179648K
  class space    used 9445K, committed 10112K, reserved 1048576K
}
Event: 1480.838 GC heap before
{Heap before GC invocations=96 (full 3):
 PSYoungGen      total 11264K, used 10758K [0x00000000d5580000, 0x00000000d6200000, 0x0000000100000000)
  eden space 10240K, 99% used [0x00000000d5580000,0x00000000d5f7ffc8,0x00000000d5f80000)
  from space 1024K, 50% used [0x00000000d6100000,0x00000000d6181850,0x00000000d6200000)
  to   space 1024K, 0% used [0x00000000d6000000,0x00000000d6000000,0x00000000d6100000)
 ParOldGen       total 68608K, used 67596K [0x0000000080000000, 0x0000000084300000, 0x00000000d5580000)
  object space 68608K, 98% used [0x0000000080000000,0x0000000084203208,0x0000000084300000)
 Metaspace       used 77855K, committed 79424K, reserved 1179648K
  class space    used 9454K, committed 10112K, reserved 1048576K
}
Event: 1480.892 GC heap after
{Heap after GC invocations=96 (full 3):
 PSYoungGen      total 11264K, used 320K [0x00000000d5580000, 0x00000000d6180000, 0x0000000100000000)
  eden space 10240K, 0% used [0x00000000d5580000,0x00000000d5580000,0x00000000d5f80000)
  from space 1024K, 31% used [0x00000000d6000000,0x00000000d6050000,0x00000000d6100000)
  to   space 512K, 0% used [0x00000000d6100000,0x00000000d6100000,0x00000000d6180000)
 ParOldGen       total 68608K, used 67927K [0x0000000080000000, 0x0000000084300000, 0x00000000d5580000)
  object space 68608K, 99% used [0x0000000080000000,0x0000000084255fd0,0x0000000084300000)
 Metaspace       used 77855K, committed 79424K, reserved 1179648K
  class space    used 9454K, committed 10112K, reserved 1048576K
}
Event: 1483.969 GC heap before
{Heap before GC invocations=97 (full 3):
 PSYoungGen      total 11264K, used 10560K [0x00000000d5580000, 0x00000000d6180000, 0x0000000100000000)
  eden space 10240K, 100% used [0x00000000d5580000,0x00000000d5f80000,0x00000000d5f80000)
  from space 1024K, 31% used [0x00000000d6000000,0x00000000d6050000,0x00000000d6100000)
  to   space 512K, 0% used [0x00000000d6100000,0x00000000d6100000,0x00000000d6180000)
 ParOldGen       total 68608K, used 67927K [0x0000000080000000, 0x0000000084300000, 0x00000000d5580000)
  object space 68608K, 99% used [0x0000000080000000,0x0000000084255fd0,0x0000000084300000)
 Metaspace       used 78003K, committed 79680K, reserved 1179648K
  class space    used 9457K, committed 10176K, reserved 1048576K
}
Event: 1483.973 GC heap after
{Heap after GC invocations=97 (full 3):
 PSYoungGen      total 10752K, used 480K [0x00000000d5580000, 0x00000000d6180000, 0x0000000100000000)
  eden space 10240K, 0% used [0x00000000d5580000,0x00000000d5580000,0x00000000d5f80000)
  from space 512K, 93% used [0x00000000d6100000,0x00000000d6178010,0x00000000d6180000)
  to   space 1024K, 0% used [0x00000000d5f80000,0x00000000d5f80000,0x00000000d6080000)
 ParOldGen       total 68608K, used 68183K [0x0000000080000000, 0x0000000084300000, 0x00000000d5580000)
  object space 68608K, 99% used [0x0000000080000000,0x0000000084295fe0,0x0000000084300000)
 Metaspace       used 78003K, committed 79680K, reserved 1179648K
  class space    used 9457K, committed 10176K, reserved 1048576K
}
Event: 1511.381 GC heap before
{Heap before GC invocations=98 (full 3):
 PSYoungGen      total 10752K, used 10720K [0x00000000d5580000, 0x00000000d6180000, 0x0000000100000000)
  eden space 10240K, 99% used [0x00000000d5580000,0x00000000d5f7fff8,0x00000000d5f80000)
  from space 512K, 93% used [0x00000000d6100000,0x00000000d6178010,0x00000000d6180000)
  to   space 1024K, 0% used [0x00000000d5f80000,0x00000000d5f80000,0x00000000d6080000)
 ParOldGen       total 68608K, used 68183K [0x0000000080000000, 0x0000000084300000, 0x00000000d5580000)
  object space 68608K, 99% used [0x0000000080000000,0x0000000084295fe0,0x0000000084300000)
 Metaspace       used 78134K, committed 79808K, reserved 1179648K
  class space    used 9457K, committed 10176K, reserved 1048576K
}
Event: 1511.384 GC heap after
{Heap after GC invocations=98 (full 3):
 PSYoungGen      total 11264K, used 352K [0x00000000d5580000, 0x00000000d6180000, 0x0000000100000000)
  eden space 10240K, 0% used [0x00000000d5580000,0x00000000d5580000,0x00000000d5f80000)
  from space 1024K, 34% used [0x00000000d5f80000,0x00000000d5fd8000,0x00000000d6080000)
  to   space 512K, 0% used [0x00000000d6100000,0x00000000d6100000,0x00000000d6180000)
 ParOldGen       total 68608K, used 68590K [0x0000000080000000, 0x0000000084300000, 0x00000000d5580000)
  object space 68608K, 99% used [0x0000000080000000,0x00000000842fba40,0x0000000084300000)
 Metaspace       used 78134K, committed 79808K, reserved 1179648K
  class space    used 9457K, committed 10176K, reserved 1048576K
}
Event: 1524.522 GC heap before
{Heap before GC invocations=99 (full 3):
 PSYoungGen      total 11264K, used 10592K [0x00000000d5580000, 0x00000000d6180000, 0x0000000100000000)
  eden space 10240K, 100% used [0x00000000d5580000,0x00000000d5f80000,0x00000000d5f80000)
  from space 1024K, 34% used [0x00000000d5f80000,0x00000000d5fd8000,0x00000000d6080000)
  to   space 512K, 0% used [0x00000000d6100000,0x00000000d6100000,0x00000000d6180000)
 ParOldGen       total 68608K, used 68590K [0x0000000080000000, 0x0000000084300000, 0x00000000d5580000)
  object space 68608K, 99% used [0x0000000080000000,0x00000000842fba40,0x0000000084300000)
 Metaspace       used 78337K, committed 79936K, reserved 1179648K
  class space    used 9465K, committed 10176K, reserved 1048576K
}
Event: 1524.528 GC heap after
{Heap after GC invocations=99 (full 3):
 PSYoungGen      total 10752K, used 508K [0x00000000d5580000, 0x00000000d6280000, 0x0000000100000000)
  eden space 10240K, 0% used [0x00000000d5580000,0x00000000d5580000,0x00000000d5f80000)
  from space 512K, 99% used [0x00000000d6100000,0x00000000d617f150,0x00000000d6180000)
  to   space 1536K, 0% used [0x00000000d5f80000,0x00000000d5f80000,0x00000000d6100000)
 ParOldGen       total 69120K, used 69091K [0x0000000080000000, 0x0000000084380000, 0x00000000d5580000)
  object space 69120K, 99% used [0x0000000080000000,0x0000000084378cf0,0x0000000084380000)
 Metaspace       used 78337K, committed 79936K, reserved 1179648K
  class space    used 9465K, committed 10176K, reserved 1048576K
}
Event: 1529.641 GC heap before
{Heap before GC invocations=100 (full 3):
 PSYoungGen      total 10752K, used 10748K [0x00000000d5580000, 0x00000000d6280000, 0x0000000100000000)
  eden space 10240K, 100% used [0x00000000d5580000,0x00000000d5f80000,0x00000000d5f80000)
  from space 512K, 99% used [0x00000000d6100000,0x00000000d617f150,0x00000000d6180000)
  to   space 1536K, 0% used [0x00000000d5f80000,0x00000000d5f80000,0x00000000d6100000)
 ParOldGen       total 69120K, used 69091K [0x0000000080000000, 0x0000000084380000, 0x00000000d5580000)
  object space 69120K, 99% used [0x0000000080000000,0x0000000084378cf0,0x0000000084380000)
 Metaspace       used 78487K, committed 80064K, reserved 1179648K
  class space    used 9467K, committed 10176K, reserved 1048576K
}
Event: 1529.644 GC heap after
{Heap after GC invocations=100 (full 3):
 PSYoungGen      total 11264K, used 694K [0x00000000d5580000, 0x00000000d6180000, 0x0000000100000000)
  eden space 10240K, 0% used [0x00000000d5580000,0x00000000d5580000,0x00000000d5f80000)
  from space 1024K, 67% used [0x00000000d5f80000,0x00000000d602d9c0,0x00000000d6080000)
  to   space 1024K, 0% used [0x00000000d6080000,0x00000000d6080000,0x00000000d6180000)
 ParOldGen       total 69632K, used 69556K [0x0000000080000000, 0x0000000084400000, 0x00000000d5580000)
  object space 69632K, 99% used [0x0000000080000000,0x00000000843ed028,0x0000000084400000)
 Metaspace       used 78487K, committed 80064K, reserved 1179648K
  class space    used 9467K, committed 10176K, reserved 1048576K
}
Event: 1572.016 GC heap before
{Heap before GC invocations=101 (full 3):
 PSYoungGen      total 11264K, used 10934K [0x00000000d5580000, 0x00000000d6180000, 0x0000000100000000)
  eden space 10240K, 100% used [0x00000000d5580000,0x00000000d5f80000,0x00000000d5f80000)
  from space 1024K, 67% used [0x00000000d5f80000,0x00000000d602d9c0,0x00000000d6080000)
  to   space 1024K, 0% used [0x00000000d6080000,0x00000000d6080000,0x00000000d6180000)
 ParOldGen       total 69632K, used 69556K [0x0000000080000000, 0x0000000084400000, 0x00000000d5580000)
  object space 69632K, 99% used [0x0000000080000000,0x00000000843ed028,0x0000000084400000)
 Metaspace       used 78632K, committed 80192K, reserved 1179648K
  class space    used 9470K, committed 10176K, reserved 1048576K
}
Event: 1572.022 GC heap after
{Heap after GC invocations=101 (full 3):
 PSYoungGen      total 11264K, used 656K [0x00000000d5580000, 0x00000000d6180000, 0x0000000100000000)
  eden space 10240K, 0% used [0x00000000d5580000,0x00000000d5580000,0x00000000d5f80000)
  from space 1024K, 64% used [0x00000000d6080000,0x00000000d6124010,0x00000000d6180000)
  to   space 1024K, 0% used [0x00000000d5f80000,0x00000000d5f80000,0x00000000d6080000)
 ParOldGen       total 70144K, used 69770K [0x0000000080000000, 0x0000000084480000, 0x00000000d5580000)
  object space 70144K, 99% used [0x0000000080000000,0x0000000084422af8,0x0000000084480000)
 Metaspace       used 78632K, committed 80192K, reserved 1179648K
  class space    used 9470K, committed 10176K, reserved 1048576K
}
Event: 1574.000 GC heap before
{Heap before GC invocations=102 (full 3):
 PSYoungGen      total 11264K, used 10896K [0x00000000d5580000, 0x00000000d6180000, 0x0000000100000000)
  eden space 10240K, 100% used [0x00000000d5580000,0x00000000d5f80000,0x00000000d5f80000)
  from space 1024K, 64% used [0x00000000d6080000,0x00000000d6124010,0x00000000d6180000)
  to   space 1024K, 0% used [0x00000000d5f80000,0x00000000d5f80000,0x00000000d6080000)
 ParOldGen       total 70144K, used 69770K [0x0000000080000000, 0x0000000084480000, 0x00000000d5580000)
  object space 70144K, 99% used [0x0000000080000000,0x0000000084422af8,0x0000000084480000)
 Metaspace       used 78770K, committed 80384K, reserved 1179648K
  class space    used 9474K, committed 10176K, reserved 1048576K
}
Event: 1574.002 GC heap after
{Heap after GC invocations=102 (full 3):
 PSYoungGen      total 11264K, used 1024K [0x00000000d5580000, 0x00000000d6280000, 0x0000000100000000)
  eden space 10240K, 0% used [0x00000000d5580000,0x00000000d5580000,0x00000000d5f80000)
  from space 1024K, 100% used [0x00000000d5f80000,0x00000000d6080000,0x00000000d6080000)
  to   space 1536K, 0% used [0x00000000d6100000,0x00000000d6100000,0x00000000d6280000)
 ParOldGen       total 70144K, used 69866K [0x0000000080000000, 0x0000000084480000, 0x00000000d5580000)
  object space 70144K, 99% used [0x0000000080000000,0x000000008443a938,0x0000000084480000)
 Metaspace       used 78770K, committed 80384K, reserved 1179648K
  class space    used 9474K, committed 10176K, reserved 1048576K
}
Event: 2028.181 GC heap before
{Heap before GC invocations=103 (full 3):
 PSYoungGen      total 11264K, used 11264K [0x00000000d5580000, 0x00000000d6280000, 0x0000000100000000)
  eden space 10240K, 100% used [0x00000000d5580000,0x00000000d5f80000,0x00000000d5f80000)
  from space 1024K, 100% used [0x00000000d5f80000,0x00000000d6080000,0x00000000d6080000)
  to   space 1536K, 0% used [0x00000000d6100000,0x00000000d6100000,0x00000000d6280000)
 ParOldGen       total 70144K, used 69866K [0x0000000080000000, 0x0000000084480000, 0x00000000d5580000)
  object space 70144K, 99% used [0x0000000080000000,0x000000008443a938,0x0000000084480000)
 Metaspace       used 78839K, committed 80448K, reserved 1179648K
  class space    used 9476K, committed 10176K, reserved 1048576K
}
Event: 2028.196 GC heap after
{Heap after GC invocations=103 (full 3):
 PSYoungGen      total 11264K, used 832K [0x00000000d5580000, 0x00000000d6200000, 0x0000000100000000)
  eden space 10240K, 0% used [0x00000000d5580000,0x00000000d5580000,0x00000000d5f80000)
  from space 1024K, 81% used [0x00000000d6100000,0x00000000d61d0000,0x00000000d6200000)
  to   space 1024K, 0% used [0x00000000d5f80000,0x00000000d5f80000,0x00000000d6080000)
 ParOldGen       total 70144K, used 69938K [0x0000000080000000, 0x0000000084480000, 0x00000000d5580000)
  object space 70144K, 99% used [0x0000000080000000,0x000000008444c938,0x0000000084480000)
 Metaspace       used 78839K, committed 80448K, reserved 1179648K
  class space    used 9476K, committed 10176K, reserved 1048576K
}

