# JRE version: OpenJDK Runtime Environment Temurin-21.0.10+7 (21.0.10+7) (build 21.0.10+7-LTS)
# Java VM: OpenJDK 64-Bit Server VM Temurin-21.0.10+7 (21.0.10+7-LTS, mixed mode, sharing, tiered, compressed oops, compressed class ptrs, g1 gc, windows-amd64)
GC Precious Log:
 CardTable entry size: 512
 Card Set container configuration: InlinePtr #cards 5 size 8 Array Of Cards #cards 12 size 40 Howl #buckets 4 coarsen threshold 1843 Howl Bitmap #cards 512 size 80 coarsen threshold 460 Card regions per heap region 1 cards per card region 2048
 CPUs: 12 total, 12 available
 Memory: 8030M
 Large Page Support: Disabled
 NUMA Support: Disabled
 Compressed Oops: Enabled (32-bit)
 Heap Region Size: 1M
 Heap Min Capacity: 8M
 Heap Initial Capacity: 126M
 Heap Max Capacity: 2G
 Pre-touch: Disabled
 Parallel Workers: 10
 Concurrent Workers: 3
 Concurrent Refinement Workers: 10
 Periodic GC: Disabled
Heap:
 garbage-first heap   total 113664K, used 83251K [0x0000000080000000, 0x0000000100000000)
  region size 1024K, 45 young (46080K), 5 survivors (5120K)
 Metaspace       used 56562K, committed 58304K, reserved 1114112K
  class space    used 8189K, committed 9024K, reserved 1048576K
GC Heap History (20 events):
Event: 1.278 GC heap before
{Heap before GC invocations=1 (full 0):
 garbage-first heap   total 129024K, used 40015K [0x0000000080000000, 0x0000000100000000)
  region size 1024K, 37 young (37888K), 3 survivors (3072K)
 Metaspace       used 4369K, committed 4544K, reserved 1114112K
  class space    used 552K, committed 640K, reserved 1048576K
}
Event: 1.288 GC heap after
{Heap after GC invocations=2 (full 0):
 garbage-first heap   total 129024K, used 10879K [0x0000000080000000, 0x0000000100000000)
  region size 1024K, 5 young (5120K), 5 survivors (5120K)
 Metaspace       used 4369K, committed 4544K, reserved 1114112K
  class space    used 552K, committed 640K, reserved 1048576K
}
Event: 1.889 GC heap before
{Heap before GC invocations=2 (full 0):
 garbage-first heap   total 129024K, used 61055K [0x0000000080000000, 0x0000000100000000)
  region size 1024K, 52 young (53248K), 5 survivors (5120K)
 Metaspace       used 5815K, committed 6080K, reserved 1114112K
  class space    used 777K, committed 896K, reserved 1048576K
}
Event: 1.900 GC heap after
{Heap after GC invocations=3 (full 0):
 garbage-first heap   total 129024K, used 17754K [0x0000000080000000, 0x0000000100000000)
  region size 1024K, 6 young (6144K), 6 survivors (6144K)
 Metaspace       used 5815K, committed 6080K, reserved 1114112K
  class space    used 777K, committed 896K, reserved 1048576K
}
Event: 3.650 GC heap before
{Heap before GC invocations=3 (full 0):
 garbage-first heap   total 129024K, used 88410K [0x0000000080000000, 0x0000000100000000)
  region size 1024K, 75 young (76800K), 6 survivors (6144K)
 Metaspace       used 18977K, committed 19584K, reserved 1114112K
  class space    used 2764K, committed 3072K, reserved 1048576K
}
Event: 3.664 GC heap after
{Heap after GC invocations=4 (full 0):
 garbage-first heap   total 129024K, used 23055K [0x0000000080000000, 0x0000000100000000)
  region size 1024K, 10 young (10240K), 10 survivors (10240K)
 Metaspace       used 18977K, committed 19584K, reserved 1114112K
  class space    used 2764K, committed 3072K, reserved 1048576K
}
Event: 3.985 GC heap before
{Heap before GC invocations=4 (full 0):
 garbage-first heap   total 129024K, used 38415K [0x0000000080000000, 0x0000000100000000)
  region size 1024K, 26 young (26624K), 10 survivors (10240K)
 Metaspace       used 20894K, committed 21504K, reserved 1114112K
  class space    used 3096K, committed 3392K, reserved 1048576K
}
Event: 3.999 GC heap after
{Heap after GC invocations=5 (full 0):
 garbage-first heap   total 129024K, used 24834K [0x0000000080000000, 0x0000000100000000)
  region size 1024K, 7 young (7168K), 7 survivors (7168K)
 Metaspace       used 20894K, committed 21504K, reserved 1114112K
  class space    used 3096K, committed 3392K, reserved 1048576K
}
Event: 5.253 GC heap before
{Heap before GC invocations=6 (full 0):
 garbage-first heap   total 86016K, used 84226K [0x0000000080000000, 0x0000000100000000)
  region size 1024K, 66 young (67584K), 7 survivors (7168K)
 Metaspace       used 28449K, committed 29440K, reserved 1114112K
  class space    used 4284K, committed 4736K, reserved 1048576K
}
Event: 5.272 GC heap after
{Heap after GC invocations=7 (full 0):
 garbage-first heap   total 98304K, used 29305K [0x0000000080000000, 0x0000000100000000)
  region size 1024K, 6 young (6144K), 6 survivors (6144K)
 Metaspace       used 28449K, committed 29440K, reserved 1114112K
  class space    used 4284K, committed 4736K, reserved 1048576K
}
Event: 6.808 GC heap before
{Heap before GC invocations=7 (full 0):
 garbage-first heap   total 98304K, used 75385K [0x0000000080000000, 0x0000000100000000)
  region size 1024K, 52 young (53248K), 6 survivors (6144K)
 Metaspace       used 34685K, committed 35968K, reserved 1114112K
  class space    used 5238K, committed 5888K, reserved 1048576K
}
Event: 6.819 GC heap after
{Heap after GC invocations=8 (full 0):
 garbage-first heap   total 118784K, used 32123K [0x0000000080000000, 0x0000000100000000)
  region size 1024K, 4 young (4096K), 4 survivors (4096K)
 Metaspace       used 34685K, committed 35968K, reserved 1114112K
  class space    used 5238K, committed 5888K, reserved 1048576K
}
Event: 6.857 GC heap before
{Heap before GC invocations=8 (full 0):
 garbage-first heap   total 118784K, used 33147K [0x0000000080000000, 0x0000000100000000)
  region size 1024K, 6 young (6144K), 4 survivors (4096K)
 Metaspace       used 35044K, committed 36288K, reserved 1114112K
  class space    used 5259K, committed 5888K, reserved 1048576K
}
Event: 6.862 GC heap after
{Heap after GC invocations=9 (full 0):
 garbage-first heap   total 118784K, used 32179K [0x0000000080000000, 0x0000000100000000)
  region size 1024K, 4 young (4096K), 4 survivors (4096K)
 Metaspace       used 35044K, committed 36288K, reserved 1114112K
  class space    used 5259K, committed 5888K, reserved 1048576K
}
Event: 8.035 GC heap before
{Heap before GC invocations=10 (full 0):
 garbage-first heap   total 112640K, used 99763K [0x0000000080000000, 0x0000000100000000)
  region size 1024K, 66 young (67584K), 4 survivors (4096K)
 Metaspace       used 41569K, committed 43072K, reserved 1114112K
  class space    used 5987K, committed 6720K, reserved 1048576K
}
Event: 8.048 GC heap after
{Heap after GC invocations=11 (full 0):
 garbage-first heap   total 113664K, used 39576K [0x0000000080000000, 0x0000000100000000)
  region size 1024K, 9 young (9216K), 9 survivors (9216K)
 Metaspace       used 41569K, committed 43072K, reserved 1114112K
  class space    used 5987K, committed 6720K, reserved 1048576K
}
Event: 8.777 GC heap before
{Heap before GC invocations=11 (full 0):
 garbage-first heap   total 113664K, used 93848K [0x0000000080000000, 0x0000000100000000)
  region size 1024K, 62 young (63488K), 9 survivors (9216K)
 Metaspace       used 45280K, committed 46912K, reserved 1114112K
  class space    used 6604K, committed 7424K, reserved 1048576K
}
Event: 8.787 GC heap after
{Heap after GC invocations=12 (full 0):
 garbage-first heap   total 113664K, used 41354K [0x0000000080000000, 0x0000000100000000)
  region size 1024K, 3 young (3072K), 3 survivors (3072K)
 Metaspace       used 45280K, committed 46912K, reserved 1114112K
  class space    used 6604K, committed 7424K, reserved 1048576K
}
Event: 10.292 GC heap before
{Heap before GC invocations=12 (full 0):
 garbage-first heap   total 113664K, used 98698K [0x0000000080000000, 0x0000000100000000)
  region size 1024K, 57 young (58368K), 3 survivors (3072K)
 Metaspace       used 53222K, committed 54912K, reserved 1114112K
  class space    used 7643K, committed 8448K, reserved 1048576K
}
Event: 10.299 GC heap after
{Heap after GC invocations=13 (full 0):
 garbage-first heap   total 113664K, used 43315K [0x0000000080000000, 0x0000000100000000)
  region size 1024K, 5 young (5120K), 5 survivors (5120K)
 Metaspace       used 53222K, committed 54912K, reserved 1114112K
  class space    used 7643K, committed 8448K, reserved 1048576K
}

