# JRE version: OpenJDK Runtime Environment Temurin-21.0.10+7 (21.0.10+7) (build 21.0.10+7-LTS)
# Java VM: OpenJDK 64-Bit Server VM Temurin-21.0.10+7 (21.0.10+7-LTS, mixed mode, sharing, tiered, compressed oops, compressed class ptrs, g1 gc, windows-amd64)
GC Precious Log:
 CardTable entry size: 512
 Card Set container configuration: InlinePtr #cards 5 size 8 Array Of Cards #cards 12 size 40 Howl #buckets 4 coarsen threshold 1843 Howl Bitmap #cards 512 size 80 coarsen threshold 460 Card regions per heap region 1 cards per card region 2048
 CPUs: 12 total, 12 available
 Memory: 8030M
 Large Page Support: Disabled
 NUMA Support: Disabled
 Compressed Oops: Enabled (32-bit)
 Heap Region Size: 1M
 Heap Min Capacity: 8M
 Heap Initial Capacity: 126M
 Heap Max Capacity: 2G
 Pre-touch: Disabled
 Parallel Workers: 10
 Concurrent Workers: 3
 Concurrent Refinement Workers: 10
 Periodic GC: Disabled
Heap:
 garbage-first heap   total 171008K, used 151160K [0x0000000080000000, 0x0000000100000000)
  region size 1024K, 63 young (64512K), 8 survivors (8192K)
 Metaspace       used 97226K, committed 99328K, reserved 1179648K
  class space    used 13452K, committed 14464K, reserved 1048576K
GC Heap History (20 events):
Event: 6.704 GC heap before
{Heap before GC invocations=14 (full 0):
 garbage-first heap   total 135168K, used 115702K [0x0000000080000000, 0x0000000100000000)
  region size 1024K, 77 young (78848K), 10 survivors (10240K)
 Metaspace       used 56296K, committed 57984K, reserved 1114112K
  class space    used 8132K, committed 8960K, reserved 1048576K
}
Event: 6.714 GC heap after
{Heap after GC invocations=15 (full 0):
 garbage-first heap   total 135168K, used 49930K [0x0000000080000000, 0x0000000100000000)
  region size 1024K, 4 young (4096K), 4 survivors (4096K)
 Metaspace       used 56296K, committed 57984K, reserved 1114112K
  class space    used 8132K, committed 8960K, reserved 1048576K
}
Event: 7.371 GC heap before
{Heap before GC invocations=15 (full 0):
 garbage-first heap   total 135168K, used 124682K [0x0000000080000000, 0x0000000100000000)
  region size 1024K, 71 young (72704K), 4 survivors (4096K)
 Metaspace       used 58151K, committed 59968K, reserved 1114112K
  class space    used 8349K, committed 9280K, reserved 1048576K
}
Event: 7.380 GC heap after
{Heap after GC invocations=16 (full 0):
 garbage-first heap   total 138240K, used 64045K [0x0000000080000000, 0x0000000100000000)
  region size 1024K, 9 young (9216K), 9 survivors (9216K)
 Metaspace       used 58151K, committed 59968K, reserved 1114112K
  class space    used 8349K, committed 9280K, reserved 1048576K
}
Event: 7.518 GC heap before
{Heap before GC invocations=16 (full 0):
 garbage-first heap   total 138240K, used 76333K [0x0000000080000000, 0x0000000100000000)
  region size 1024K, 22 young (22528K), 9 survivors (9216K)
 Metaspace       used 59131K, committed 60928K, reserved 1114112K
  class space    used 8479K, committed 9408K, reserved 1048576K
}
Event: 7.523 GC heap after
{Heap after GC invocations=17 (full 0):
 garbage-first heap   total 165888K, used 65775K [0x0000000080000000, 0x0000000100000000)
  region size 1024K, 2 young (2048K), 2 survivors (2048K)
 Metaspace       used 59131K, committed 60928K, reserved 1114112K
  class space    used 8479K, committed 9408K, reserved 1048576K
}
Event: 8.277 GC heap before
{Heap before GC invocations=18 (full 0):
 garbage-first heap   total 165888K, used 147695K [0x0000000080000000, 0x0000000100000000)
  region size 1024K, 78 young (79872K), 2 survivors (2048K)
 Metaspace       used 66966K, committed 68864K, reserved 1114112K
  class space    used 9436K, committed 10368K, reserved 1048576K
}
Event: 8.284 GC heap after
{Heap after GC invocations=19 (full 0):
 garbage-first heap   total 165888K, used 74686K [0x0000000080000000, 0x0000000100000000)
  region size 1024K, 7 young (7168K), 7 survivors (7168K)
 Metaspace       used 66966K, committed 68864K, reserved 1114112K
  class space    used 9436K, committed 10368K, reserved 1048576K
}
Event: 8.954 GC heap before
{Heap before GC invocations=19 (full 0):
 garbage-first heap   total 165888K, used 145342K [0x0000000080000000, 0x0000000100000000)
  region size 1024K, 75 young (76800K), 7 survivors (7168K)
 Metaspace       used 71959K, committed 73920K, reserved 1114112K
  class space    used 10095K, committed 11072K, reserved 1048576K
}
Event: 8.963 GC heap after
{Heap after GC invocations=20 (full 0):
 garbage-first heap   total 165888K, used 75151K [0x0000000080000000, 0x0000000100000000)
  region size 1024K, 5 young (5120K), 5 survivors (5120K)
 Metaspace       used 71959K, committed 73920K, reserved 1114112K
  class space    used 10095K, committed 11072K, reserved 1048576K
}
Event: 9.600 GC heap before
{Heap before GC invocations=20 (full 0):
 garbage-first heap   total 165888K, used 137615K [0x0000000080000000, 0x0000000100000000)
  region size 1024K, 67 young (68608K), 5 survivors (5120K)
 Metaspace       used 75574K, committed 77632K, reserved 1179648K
  class space    used 10582K, committed 11584K, reserved 1048576K
}
Event: 9.608 GC heap after
{Heap after GC invocations=21 (full 0):
 garbage-first heap   total 165888K, used 79605K [0x0000000080000000, 0x0000000100000000)
  region size 1024K, 9 young (9216K), 9 survivors (9216K)
 Metaspace       used 75574K, committed 77632K, reserved 1179648K
  class space    used 10582K, committed 11584K, reserved 1048576K
}
Event: 10.259 GC heap before
{Heap before GC invocations=22 (full 0):
 garbage-first heap   total 165888K, used 148213K [0x0000000080000000, 0x0000000100000000)
  region size 1024K, 75 young (76800K), 9 survivors (9216K)
 Metaspace       used 80716K, committed 82688K, reserved 1179648K
  class space    used 11452K, committed 12416K, reserved 1048576K
}
Event: 10.267 GC heap after
{Heap after GC invocations=23 (full 0):
 garbage-first heap   total 165888K, used 81784K [0x0000000080000000, 0x0000000100000000)
  region size 1024K, 7 young (7168K), 7 survivors (7168K)
 Metaspace       used 80716K, committed 82688K, reserved 1179648K
  class space    used 11452K, committed 12416K, reserved 1048576K
}
Event: 10.869 GC heap before
{Heap before GC invocations=23 (full 0):
 garbage-first heap   total 165888K, used 153464K [0x0000000080000000, 0x0000000100000000)
  region size 1024K, 73 young (74752K), 7 survivors (7168K)
 Metaspace       used 86019K, committed 88128K, reserved 1179648K
  class space    used 12102K, committed 13120K, reserved 1048576K
}
Event: 10.886 GC heap after
{Heap after GC invocations=24 (full 0):
 garbage-first heap   total 171008K, used 87299K [0x0000000080000000, 0x0000000100000000)
  region size 1024K, 10 young (10240K), 10 survivors (10240K)
 Metaspace       used 86019K, committed 88128K, reserved 1179648K
  class space    used 12102K, committed 13120K, reserved 1048576K
}
Event: 11.262 GC heap before
{Heap before GC invocations=24 (full 0):
 garbage-first heap   total 171008K, used 151811K [0x0000000080000000, 0x0000000100000000)
  region size 1024K, 74 young (75776K), 10 survivors (10240K)
 Metaspace       used 90643K, committed 92800K, reserved 1179648K
  class space    used 12583K, committed 13632K, reserved 1048576K
}
Event: 11.275 GC heap after
{Heap after GC invocations=25 (full 0):
 garbage-first heap   total 171008K, used 89756K [0x0000000080000000, 0x0000000100000000)
  region size 1024K, 3 young (3072K), 3 survivors (3072K)
 Metaspace       used 90643K, committed 92800K, reserved 1179648K
  class space    used 12583K, committed 13632K, reserved 1048576K
}
Event: 11.852 GC heap before
{Heap before GC invocations=26 (full 0):
 garbage-first heap   total 171008K, used 156316K [0x0000000080000000, 0x0000000100000000)
  region size 1024K, 67 young (68608K), 3 survivors (3072K)
 Metaspace       used 93928K, committed 96064K, reserved 1179648K
  class space    used 12985K, committed 14016K, reserved 1048576K
}
Event: 11.860 GC heap after
{Heap after GC invocations=27 (full 0):
 garbage-first heap   total 171008K, used 95864K [0x0000000080000000, 0x0000000100000000)
  region size 1024K, 8 young (8192K), 8 survivors (8192K)
 Metaspace       used 93928K, committed 96064K, reserved 1179648K
  class space    used 12985K, committed 14016K, reserved 1048576K
}

