# JRE version: Java(TM) SE Runtime Environment (24.0.1+9) (build 24.0.1+9-30)
# Java VM: Java HotSpot(TM) 64-Bit Server VM (24.0.1+9-30, mixed mode, sharing, tiered, compressed oops, compressed class ptrs, g1 gc, windows-amd64)
GC Precious Log:
 CardTable entry size: 512
 Card Set container configuration: InlinePtr #cards 5 size 8 Array Of Cards #cards 10 size 36 Howl #buckets 4 coarsen threshold 1843 Howl Bitmap #cards 512 size 80 coarsen threshold 460 Card regions per heap region 1 cards per card region 2048
 CPUs: 12 total, 12 available
 Memory: 8030M
 Large Page Support: Disabled
 NUMA Support: Disabled
 Compressed Oops: Enabled (32-bit)
 Heap Region Size: 1M
 Heap Min Capacity: 8M
 Heap Initial Capacity: 126M
 Heap Max Capacity: 2G
 Pre-touch: Disabled
 Parallel Workers: 10
 Concurrent Workers: 3
 Concurrent Refinement Workers: 10
 Periodic GC: Disabled
Heap:
 garbage-first heap   total reserved 2097152K, committed 242688K, used 146783K [0x0000000080000000, 0x0000000100000000)
  region size 1024K, 6 young (6144K), 2 survivors (2048K)
 Metaspace       used 136422K, committed 139008K, reserved 1179648K
  class space    used 14600K, committed 15808K, reserved 1048576K
GC Heap History (20 events):
Event: 48.962 GC heap before
{Heap before GC invocations=34 (full 0):
 garbage-first heap   total reserved 2097152K, committed 196608K, used 154245K [0x0000000080000000, 0x0000000100000000)
  region size 1024K, 38 young (38912K), 2 survivors (2048K)
 Metaspace       used 96055K, committed 98240K, reserved 1179648K
  class space    used 10566K, committed 11584K, reserved 1048576K
}
Event: 48.975 GC heap after
{Heap after GC invocations=35 (full 0):
 garbage-first heap   total reserved 2097152K, committed 196608K, used 120547K [0x0000000080000000, 0x0000000100000000)
  region size 1024K, 5 young (5120K), 5 survivors (5120K)
 Metaspace       used 96055K, committed 98240K, reserved 1179648K
  class space    used 10566K, committed 11584K, reserved 1048576K
}
Event: 53.456 GC heap before
{Heap before GC invocations=35 (full 0):
 garbage-first heap   total reserved 2097152K, committed 196608K, used 167651K [0x0000000080000000, 0x0000000100000000)
  region size 1024K, 51 young (52224K), 5 survivors (5120K)
 Metaspace       used 101000K, committed 103488K, reserved 1179648K
  class space    used 11103K, committed 12288K, reserved 1048576K
}
Event: 53.475 GC heap after
{Heap after GC invocations=36 (full 0):
 garbage-first heap   total reserved 2097152K, committed 196608K, used 120585K [0x0000000080000000, 0x0000000100000000)
  region size 1024K, 6 young (6144K), 6 survivors (6144K)
 Metaspace       used 101000K, committed 103488K, reserved 1179648K
  class space    used 11103K, committed 12288K, reserved 1048576K
}
Event: 55.436 GC heap before
{Heap before GC invocations=36 (full 0):
 garbage-first heap   total reserved 2097152K, committed 196608K, used 167689K [0x0000000080000000, 0x0000000100000000)
  region size 1024K, 53 young (54272K), 6 survivors (6144K)
 Metaspace       used 106899K, committed 109376K, reserved 1179648K
  class space    used 11773K, committed 12928K, reserved 1048576K
}
Event: 55.455 GC heap after
{Heap after GC invocations=37 (full 0):
 garbage-first heap   total reserved 2097152K, committed 196608K, used 124206K [0x0000000080000000, 0x0000000100000000)
  region size 1024K, 6 young (6144K), 6 survivors (6144K)
 Metaspace       used 106899K, committed 109376K, reserved 1179648K
  class space    used 11773K, committed 12928K, reserved 1048576K
}
Event: 56.747 GC heap before
{Heap before GC invocations=38 (full 0):
 garbage-first heap   total reserved 2097152K, committed 209920K, used 175406K [0x0000000080000000, 0x0000000100000000)
  region size 1024K, 55 young (56320K), 6 survivors (6144K)
 Metaspace       used 109128K, committed 111616K, reserved 1179648K
  class space    used 12007K, committed 13184K, reserved 1048576K
}
Event: 56.760 GC heap after
{Heap after GC invocations=39 (full 0):
 garbage-first heap   total reserved 2097152K, committed 209920K, used 128000K [0x0000000080000000, 0x0000000100000000)
  region size 1024K, 7 young (7168K), 7 survivors (7168K)
 Metaspace       used 109128K, committed 111616K, reserved 1179648K
  class space    used 12007K, committed 13184K, reserved 1048576K
}
Event: 58.068 GC heap before
{Heap before GC invocations=39 (full 0):
 garbage-first heap   total reserved 2097152K, committed 209920K, used 186368K [0x0000000080000000, 0x0000000100000000)
  region size 1024K, 64 young (65536K), 7 survivors (7168K)
 Metaspace       used 111953K, committed 114432K, reserved 1179648K
  class space    used 12280K, committed 13440K, reserved 1048576K
}
Event: 58.129 GC heap after
{Heap after GC invocations=40 (full 0):
 garbage-first heap   total reserved 2097152K, committed 209920K, used 131620K [0x0000000080000000, 0x0000000100000000)
  region size 1024K, 8 young (8192K), 8 survivors (8192K)
 Metaspace       used 111953K, committed 114432K, reserved 1179648K
  class space    used 12280K, committed 13440K, reserved 1048576K
}
Event: 62.452 GC heap before
{Heap before GC invocations=40 (full 0):
 garbage-first heap   total reserved 2097152K, committed 209920K, used 188964K [0x0000000080000000, 0x0000000100000000)
  region size 1024K, 64 young (65536K), 8 survivors (8192K)
 Metaspace       used 118471K, committed 121088K, reserved 1179648K
  class space    used 12750K, committed 13952K, reserved 1048576K
}
Event: 62.511 GC heap after
{Heap after GC invocations=41 (full 0):
 garbage-first heap   total reserved 2097152K, committed 209920K, used 137575K [0x0000000080000000, 0x0000000100000000)
  region size 1024K, 6 young (6144K), 6 survivors (6144K)
 Metaspace       used 118471K, committed 121088K, reserved 1179648K
  class space    used 12750K, committed 13952K, reserved 1048576K
}
Event: 70.788 GC heap before
{Heap before GC invocations=42 (full 0):
 garbage-first heap   total reserved 2097152K, committed 232448K, used 188775K [0x0000000080000000, 0x0000000100000000)
  region size 1024K, 57 young (58368K), 6 survivors (6144K)
 Metaspace       used 126488K, committed 129088K, reserved 1179648K
  class space    used 13572K, committed 14784K, reserved 1048576K
}
Event: 71.307 GC heap after
{Heap after GC invocations=43 (full 0):
 garbage-first heap   total reserved 2097152K, committed 232448K, used 140543K [0x0000000080000000, 0x0000000100000000)
  region size 1024K, 3 young (3072K), 3 survivors (3072K)
 Metaspace       used 126488K, committed 129088K, reserved 1179648K
  class space    used 13572K, committed 14784K, reserved 1048576K
}
Event: 106.425 GC heap before
{Heap before GC invocations=43 (full 0):
 garbage-first heap   total reserved 2097152K, committed 232448K, used 208127K [0x0000000080000000, 0x0000000100000000)
  region size 1024K, 70 young (71680K), 3 survivors (3072K)
 Metaspace       used 134609K, committed 137216K, reserved 1179648K
  class space    used 14360K, committed 15552K, reserved 1048576K
}
Event: 107.300 GC heap after
{Heap after GC invocations=44 (full 0):
 garbage-first heap   total reserved 2097152K, committed 232448K, used 141908K [0x0000000080000000, 0x0000000100000000)
  region size 1024K, 5 young (5120K), 5 survivors (5120K)
 Metaspace       used 134609K, committed 137216K, reserved 1179648K
  class space    used 14360K, committed 15552K, reserved 1048576K
}
Event: 110.321 GC heap before
{Heap before GC invocations=44 (full 0):
 garbage-first heap   total reserved 2097152K, committed 232448K, used 155220K [0x0000000080000000, 0x0000000100000000)
  region size 1024K, 18 young (18432K), 5 survivors (5120K)
 Metaspace       used 135509K, committed 138112K, reserved 1179648K
  class space    used 14481K, committed 15680K, reserved 1048576K
}
Event: 111.755 GC heap after
{Heap after GC invocations=45 (full 0):
 garbage-first heap   total reserved 2097152K, committed 232448K, used 143079K [0x0000000080000000, 0x0000000100000000)
  region size 1024K, 2 young (2048K), 2 survivors (2048K)
 Metaspace       used 135509K, committed 138112K, reserved 1179648K
  class space    used 14481K, committed 15680K, reserved 1048576K
}
Event: 117.422 GC heap before
{Heap before GC invocations=46 (full 0):
 garbage-first heap   total reserved 2097152K, committed 242688K, used 153319K [0x0000000080000000, 0x0000000100000000)
  region size 1024K, 11 young (11264K), 2 survivors (2048K)
 Metaspace       used 136173K, committed 138752K, reserved 1179648K
  class space    used 14568K, committed 15744K, reserved 1048576K
}
Event: 117.437 GC heap after
{Heap after GC invocations=47 (full 0):
 garbage-first heap   total reserved 2097152K, committed 242688K, used 143711K [0x0000000080000000, 0x0000000100000000)
  region size 1024K, 2 young (2048K), 2 survivors (2048K)
 Metaspace       used 136173K, committed 138752K, reserved 1179648K
  class space    used 14568K, committed 15744K, reserved 1048576K
}

