# JRE version: OpenJDK Runtime Environment Temurin-21.0.10+7 (21.0.10+7) (build 21.0.10+7-LTS)
# Java VM: OpenJDK 64-Bit Server VM Temurin-21.0.10+7 (21.0.10+7-LTS, mixed mode, sharing, tiered, compressed oops, compressed class ptrs, parallel gc, windows-amd64)
GC Precious Log:
 CardTable entry size: 512
 CPUs: 12 total, 12 available
 Memory: 8030M
 Large Page Support: Disabled
 NUMA Support: Disabled
 Compressed Oops: Enabled (32-bit)
 Alignments: Space 512K, Generation 512K, Heap 2M
 Heap Min Capacity: 100M
 Heap Initial Capacity: 100M
 Heap Max Capacity: 2G
 Pre-touch: Disabled
 Parallel Workers: 10
Heap:
 PSYoungGen      total 4608K, used 1875K [0x00000000d5580000, 0x00000000d5d80000, 0x0000000100000000)
  eden space 4096K, 33% used [0x00000000d5580000,0x00000000d56d4c00,0x00000000d5980000)
  from space 512K, 100% used [0x00000000d5b00000,0x00000000d5b80000,0x00000000d5b80000)
  to   space 1536K, 0% used [0x00000000d5980000,0x00000000d5980000,0x00000000d5b00000)
 ParOldGen       total 248832K, used 248390K [0x0000000080000000, 0x000000008f300000, 0x00000000d5580000)
  object space 248832K, 99% used [0x0000000080000000,0x000000008f291bf0,0x000000008f300000)
 Metaspace       used 76142K, committed 77696K, reserved 1179648K
  class space    used 9362K, committed 10048K, reserved 1048576K
GC Heap History (20 events):
Event: 55.725 GC heap after
{Heap after GC invocations=277 (full 3):
 PSYoungGen      total 5120K, used 773K [0x00000000d5580000, 0x00000000d5b80000, 0x0000000100000000)
  eden space 4096K, 0% used [0x00000000d5580000,0x00000000d5580000,0x00000000d5980000)
  from space 1024K, 75% used [0x00000000d5a80000,0x00000000d5b41678,0x00000000d5b80000)
  to   space 1024K, 0% used [0x00000000d5980000,0x00000000d5980000,0x00000000d5a80000)
 ParOldGen       total 241152K, used 241110K [0x0000000080000000, 0x000000008eb80000, 0x00000000d5580000)
  object space 241152K, 99% used [0x0000000080000000,0x000000008eb75bb8,0x000000008eb80000)
 Metaspace       used 76128K, committed 77696K, reserved 1179648K
  class space    used 9360K, committed 10048K, reserved 1048576K
}
Event: 55.758 GC heap before
{Heap before GC invocations=278 (full 3):
 PSYoungGen      total 5120K, used 4869K [0x00000000d5580000, 0x00000000d5b80000, 0x0000000100000000)
  eden space 4096K, 100% used [0x00000000d5580000,0x00000000d5980000,0x00000000d5980000)
  from space 1024K, 75% used [0x00000000d5a80000,0x00000000d5b41678,0x00000000d5b80000)
  to   space 1024K, 0% used [0x00000000d5980000,0x00000000d5980000,0x00000000d5a80000)
 ParOldGen       total 241152K, used 241110K [0x0000000080000000, 0x000000008eb80000, 0x00000000d5580000)
  object space 241152K, 99% used [0x0000000080000000,0x000000008eb75bb8,0x000000008eb80000)
 Metaspace       used 76129K, committed 77696K, reserved 1179648K
  class space    used 9360K, committed 10048K, reserved 1048576K
}
Event: 55.761 GC heap after
{Heap after GC invocations=278 (full 3):
 PSYoungGen      total 5120K, used 768K [0x00000000d5580000, 0x00000000d5b80000, 0x0000000100000000)
  eden space 4096K, 0% used [0x00000000d5580000,0x00000000d5580000,0x00000000d5980000)
  from space 1024K, 75% used [0x00000000d5980000,0x00000000d5a40180,0x00000000d5a80000)
  to   space 1024K, 0% used [0x00000000d5a80000,0x00000000d5a80000,0x00000000d5b80000)
 ParOldGen       total 242176K, used 241766K [0x0000000080000000, 0x000000008ec80000, 0x00000000d5580000)
  object space 242176K, 99% used [0x0000000080000000,0x000000008ec198a8,0x000000008ec80000)
 Metaspace       used 76129K, committed 77696K, reserved 1179648K
  class space    used 9360K, committed 10048K, reserved 1048576K
}
Event: 55.791 GC heap before
{Heap before GC invocations=279 (full 3):
 PSYoungGen      total 5120K, used 4864K [0x00000000d5580000, 0x00000000d5b80000, 0x0000000100000000)
  eden space 4096K, 100% used [0x00000000d5580000,0x00000000d5980000,0x00000000d5980000)
  from space 1024K, 75% used [0x00000000d5980000,0x00000000d5a40180,0x00000000d5a80000)
  to   space 1024K, 0% used [0x00000000d5a80000,0x00000000d5a80000,0x00000000d5b80000)
 ParOldGen       total 242176K, used 241766K [0x0000000080000000, 0x000000008ec80000, 0x00000000d5580000)
  object space 242176K, 99% used [0x0000000080000000,0x000000008ec198a8,0x000000008ec80000)
 Metaspace       used 76135K, committed 77696K, reserved 1179648K
  class space    used 9360K, committed 10048K, reserved 1048576K
}
Event: 55.794 GC heap after
{Heap after GC invocations=279 (full 3):
 PSYoungGen      total 5120K, used 786K [0x00000000d5580000, 0x00000000d5b80000, 0x0000000100000000)
  eden space 4096K, 0% used [0x00000000d5580000,0x00000000d5580000,0x00000000d5980000)
  from space 1024K, 76% used [0x00000000d5a80000,0x00000000d5b44b80,0x00000000d5b80000)
  to   space 1024K, 0% used [0x00000000d5980000,0x00000000d5980000,0x00000000d5a80000)
 ParOldGen       total 242688K, used 242490K [0x0000000080000000, 0x000000008ed00000, 0x00000000d5580000)
  object space 242688K, 99% used [0x0000000080000000,0x000000008ecce840,0x000000008ed00000)
 Metaspace       used 76135K, committed 77696K, reserved 1179648K
  class space    used 9360K, committed 10048K, reserved 1048576K
}
Event: 55.811 GC heap before
{Heap before GC invocations=280 (full 3):
 PSYoungGen      total 5120K, used 4882K [0x00000000d5580000, 0x00000000d5b80000, 0x0000000100000000)
  eden space 4096K, 100% used [0x00000000d5580000,0x00000000d5980000,0x00000000d5980000)
  from space 1024K, 76% used [0x00000000d5a80000,0x00000000d5b44b80,0x00000000d5b80000)
  to   space 1024K, 0% used [0x00000000d5980000,0x00000000d5980000,0x00000000d5a80000)
 ParOldGen       total 242688K, used 242490K [0x0000000080000000, 0x000000008ed00000, 0x00000000d5580000)
  object space 242688K, 99% used [0x0000000080000000,0x000000008ecce840,0x000000008ed00000)
 Metaspace       used 76137K, committed 77696K, reserved 1179648K
  class space    used 9360K, committed 10048K, reserved 1048576K
}
Event: 55.814 GC heap after
{Heap after GC invocations=280 (full 3):
 PSYoungGen      total 5120K, used 722K [0x00000000d5580000, 0x00000000d5b80000, 0x0000000100000000)
  eden space 4096K, 0% used [0x00000000d5580000,0x00000000d5580000,0x00000000d5980000)
  from space 1024K, 70% used [0x00000000d5980000,0x00000000d5a348e8,0x00000000d5a80000)
  to   space 1024K, 0% used [0x00000000d5a80000,0x00000000d5a80000,0x00000000d5b80000)
 ParOldGen       total 243200K, used 243171K [0x0000000080000000, 0x000000008ed80000, 0x00000000d5580000)
  object space 243200K, 99% used [0x0000000080000000,0x000000008ed78cb0,0x000000008ed80000)
 Metaspace       used 76137K, committed 77696K, reserved 1179648K
  class space    used 9360K, committed 10048K, reserved 1048576K
}
Event: 55.831 GC heap before
{Heap before GC invocations=281 (full 3):
 PSYoungGen      total 5120K, used 4818K [0x00000000d5580000, 0x00000000d5b80000, 0x0000000100000000)
  eden space 4096K, 100% used [0x00000000d5580000,0x00000000d5980000,0x00000000d5980000)
  from space 1024K, 70% used [0x00000000d5980000,0x00000000d5a348e8,0x00000000d5a80000)
  to   space 1024K, 0% used [0x00000000d5a80000,0x00000000d5a80000,0x00000000d5b80000)
 ParOldGen       total 243200K, used 243171K [0x0000000080000000, 0x000000008ed80000, 0x00000000d5580000)
  object space 243200K, 99% used [0x0000000080000000,0x000000008ed78cb0,0x000000008ed80000)
 Metaspace       used 76137K, committed 77696K, reserved 1179648K
  class space    used 9360K, committed 10048K, reserved 1048576K
}
Event: 55.835 GC heap after
{Heap after GC invocations=281 (full 3):
 PSYoungGen      total 5120K, used 672K [0x00000000d5580000, 0x00000000d5b80000, 0x0000000100000000)
  eden space 4096K, 0% used [0x00000000d5580000,0x00000000d5580000,0x00000000d5980000)
  from space 1024K, 65% used [0x00000000d5a80000,0x00000000d5b28000,0x00000000d5b80000)
  to   space 1024K, 0% used [0x00000000d5980000,0x00000000d5980000,0x00000000d5a80000)
 ParOldGen       total 244224K, used 243835K [0x0000000080000000, 0x000000008ee80000, 0x00000000d5580000)
  object space 244224K, 99% used [0x0000000080000000,0x000000008ee1ee20,0x000000008ee80000)
 Metaspace       used 76137K, committed 77696K, reserved 1179648K
  class space    used 9360K, committed 10048K, reserved 1048576K
}
Event: 55.864 GC heap before
{Heap before GC invocations=282 (full 3):
 PSYoungGen      total 5120K, used 4768K [0x00000000d5580000, 0x00000000d5b80000, 0x0000000100000000)
  eden space 4096K, 100% used [0x00000000d5580000,0x00000000d5980000,0x00000000d5980000)
  from space 1024K, 65% used [0x00000000d5a80000,0x00000000d5b28000,0x00000000d5b80000)
  to   space 1024K, 0% used [0x00000000d5980000,0x00000000d5980000,0x00000000d5a80000)
 ParOldGen       total 244224K, used 243835K [0x0000000080000000, 0x000000008ee80000, 0x00000000d5580000)
  object space 244224K, 99% used [0x0000000080000000,0x000000008ee1ee20,0x000000008ee80000)
 Metaspace       used 76137K, committed 77696K, reserved 1179648K
  class space    used 9360K, committed 10048K, reserved 1048576K
}
Event: 55.867 GC heap after
{Heap after GC invocations=282 (full 3):
 PSYoungGen      total 5120K, used 1003K [0x00000000d5580000, 0x00000000d5d80000, 0x0000000100000000)
  eden space 4096K, 0% used [0x00000000d5580000,0x00000000d5580000,0x00000000d5980000)
  from space 1024K, 98% used [0x00000000d5980000,0x00000000d5a7afa0,0x00000000d5a80000)
  to   space 2048K, 0% used [0x00000000d5b80000,0x00000000d5b80000,0x00000000d5d80000)
 ParOldGen       total 244736K, used 244421K [0x0000000080000000, 0x000000008ef00000, 0x00000000d5580000)
  object space 244736K, 99% used [0x0000000080000000,0x000000008eeb1568,0x000000008ef00000)
 Metaspace       used 76137K, committed 77696K, reserved 1179648K
  class space    used 9360K, committed 10048K, reserved 1048576K
}
Event: 55.888 GC heap before
{Heap before GC invocations=283 (full 3):
 PSYoungGen      total 5120K, used 5099K [0x00000000d5580000, 0x00000000d5d80000, 0x0000000100000000)
  eden space 4096K, 100% used [0x00000000d5580000,0x00000000d5980000,0x00000000d5980000)
  from space 1024K, 98% used [0x00000000d5980000,0x00000000d5a7afa0,0x00000000d5a80000)
  to   space 2048K, 0% used [0x00000000d5b80000,0x00000000d5b80000,0x00000000d5d80000)
 ParOldGen       total 244736K, used 244421K [0x0000000080000000, 0x000000008ef00000, 0x00000000d5580000)
  object space 244736K, 99% used [0x0000000080000000,0x000000008eeb1568,0x000000008ef00000)
 Metaspace       used 76137K, committed 77696K, reserved 1179648K
  class space    used 9360K, committed 10048K, reserved 1048576K
}
Event: 55.892 GC heap after
{Heap after GC invocations=283 (full 3):
 PSYoungGen      total 5120K, used 832K [0x00000000d5580000, 0x00000000d5c80000, 0x0000000100000000)
  eden space 4096K, 0% used [0x00000000d5580000,0x00000000d5580000,0x00000000d5980000)
  from space 1024K, 81% used [0x00000000d5b80000,0x00000000d5c50000,0x00000000d5c80000)
  to   space 1536K, 0% used [0x00000000d5980000,0x00000000d5980000,0x00000000d5b00000)
 ParOldGen       total 245760K, used 245370K [0x0000000080000000, 0x000000008f000000, 0x00000000d5580000)
  object space 245760K, 99% used [0x0000000080000000,0x000000008ef9e9b0,0x000000008f000000)
 Metaspace       used 76137K, committed 77696K, reserved 1179648K
  class space    used 9360K, committed 10048K, reserved 1048576K
}
Event: 55.911 GC heap before
{Heap before GC invocations=284 (full 3):
 PSYoungGen      total 5120K, used 4922K [0x00000000d5580000, 0x00000000d5c80000, 0x0000000100000000)
  eden space 4096K, 99% used [0x00000000d5580000,0x00000000d597e880,0x00000000d5980000)
  from space 1024K, 81% used [0x00000000d5b80000,0x00000000d5c50000,0x00000000d5c80000)
  to   space 1536K, 0% used [0x00000000d5980000,0x00000000d5980000,0x00000000d5b00000)
 ParOldGen       total 245760K, used 245370K [0x0000000080000000, 0x000000008f000000, 0x00000000d5580000)
  object space 245760K, 99% used [0x0000000080000000,0x000000008ef9e9b0,0x000000008f000000)
 Metaspace       used 76137K, committed 77696K, reserved 1179648K
  class space    used 9360K, committed 10048K, reserved 1048576K
}
Event: 55.914 GC heap after
{Heap after GC invocations=284 (full 3):
 PSYoungGen      total 5632K, used 832K [0x00000000d5580000, 0x00000000d5c00000, 0x0000000100000000)
  eden space 4096K, 0% used [0x00000000d5580000,0x00000000d5580000,0x00000000d5980000)
  from space 1536K, 54% used [0x00000000d5980000,0x00000000d5a50000,0x00000000d5b00000)
  to   space 1024K, 0% used [0x00000000d5b00000,0x00000000d5b00000,0x00000000d5c00000)
 ParOldGen       total 246272K, used 246074K [0x0000000080000000, 0x000000008f080000, 0x00000000d5580000)
  object space 246272K, 99% used [0x0000000080000000,0x000000008f04ebe8,0x000000008f080000)
 Metaspace       used 76137K, committed 77696K, reserved 1179648K
  class space    used 9360K, committed 10048K, reserved 1048576K
}
Event: 55.930 GC heap before
{Heap before GC invocations=285 (full 3):
 PSYoungGen      total 5632K, used 4928K [0x00000000d5580000, 0x00000000d5c00000, 0x0000000100000000)
  eden space 4096K, 100% used [0x00000000d5580000,0x00000000d5980000,0x00000000d5980000)
  from space 1536K, 54% used [0x00000000d5980000,0x00000000d5a50000,0x00000000d5b00000)
  to   space 1024K, 0% used [0x00000000d5b00000,0x00000000d5b00000,0x00000000d5c00000)
 ParOldGen       total 246272K, used 246074K [0x0000000080000000, 0x000000008f080000, 0x00000000d5580000)
  object space 246272K, 99% used [0x0000000080000000,0x000000008f04ebe8,0x000000008f080000)
 Metaspace       used 76137K, committed 77696K, reserved 1179648K
  class space    used 9360K, committed 10048K, reserved 1048576K
}
Event: 55.934 GC heap after
{Heap after GC invocations=285 (full 3):
 PSYoungGen      total 5120K, used 800K [0x00000000d5580000, 0x00000000d5c00000, 0x0000000100000000)
  eden space 4096K, 0% used [0x00000000d5580000,0x00000000d5580000,0x00000000d5980000)
  from space 1024K, 78% used [0x00000000d5b00000,0x00000000d5bc8000,0x00000000d5c00000)
  to   space 1024K, 0% used [0x00000000d5a00000,0x00000000d5a00000,0x00000000d5b00000)
 ParOldGen       total 247296K, used 246815K [0x0000000080000000, 0x000000008f180000, 0x00000000d5580000)
  object space 247296K, 99% used [0x0000000080000000,0x000000008f107ce0,0x000000008f180000)
 Metaspace       used 76137K, committed 77696K, reserved 1179648K
  class space    used 9360K, committed 10048K, reserved 1048576K
}
Event: 55.950 GC heap before
{Heap before GC invocations=286 (full 3):
 PSYoungGen      total 5120K, used 4896K [0x00000000d5580000, 0x00000000d5c00000, 0x0000000100000000)
  eden space 4096K, 100% used [0x00000000d5580000,0x00000000d5980000,0x00000000d5980000)
  from space 1024K, 78% used [0x00000000d5b00000,0x00000000d5bc8000,0x00000000d5c00000)
  to   space 1024K, 0% used [0x00000000d5a00000,0x00000000d5a00000,0x00000000d5b00000)
 ParOldGen       total 247296K, used 246815K [0x0000000080000000, 0x000000008f180000, 0x00000000d5580000)
  object space 247296K, 99% used [0x0000000080000000,0x000000008f107ce0,0x000000008f180000)
 Metaspace       used 76137K, committed 77696K, reserved 1179648K
  class space    used 9360K, committed 10048K, reserved 1048576K
}
Event: 55.953 GC heap after
{Heap after GC invocations=286 (full 3):
 PSYoungGen      total 5120K, used 800K [0x00000000d5580000, 0x00000000d5b80000, 0x0000000100000000)
  eden space 4096K, 0% used [0x00000000d5580000,0x00000000d5580000,0x00000000d5980000)
  from space 1024K, 78% used [0x00000000d5a00000,0x00000000d5ac8000,0x00000000d5b00000)
  to   space 512K, 0% used [0x00000000d5b00000,0x00000000d5b00000,0x00000000d5b80000)
 ParOldGen       total 247808K, used 247509K [0x0000000080000000, 0x000000008f200000, 0x00000000d5580000)
  object space 247808K, 99% used [0x0000000080000000,0x000000008f1b5510,0x000000008f200000)
 Metaspace       used 76137K, committed 77696K, reserved 1179648K
  class space    used 9360K, committed 10048K, reserved 1048576K
}
Event: 55.970 GC heap before
{Heap before GC invocations=287 (full 3):
 PSYoungGen      total 5120K, used 4896K [0x00000000d5580000, 0x00000000d5b80000, 0x0000000100000000)
  eden space 4096K, 100% used [0x00000000d5580000,0x00000000d5980000,0x00000000d5980000)
  from space 1024K, 78% used [0x00000000d5a00000,0x00000000d5ac8000,0x00000000d5b00000)
  to   space 512K, 0% used [0x00000000d5b00000,0x00000000d5b00000,0x00000000d5b80000)
 ParOldGen       total 247808K, used 247509K [0x0000000080000000, 0x000000008f200000, 0x00000000d5580000)
  object space 247808K, 99% used [0x0000000080000000,0x000000008f1b5510,0x000000008f200000)
 Metaspace       used 76137K, committed 77696K, reserved 1179648K
  class space    used 9360K, committed 10048K, reserved 1048576K
}

